<?xml version="1.0" encoding="UTF-8"?>
<!-- Generated by org.testng.reporters.JUnitReportReporter -->
<testsuite hostname="Suraj" failures="0" tests="4" name="com.ninja.qa.TestPages.HomePageTest" time="20.000" errors="0" timestamp="2023-10-10T20:31:29 IST" skipped="0">
  <testcase classname="com.ninja.qa.TestPages.HomePageTest" name="testTitle" time="4.483"/>
  <system-out/>
  <testcase classname="com.ninja.qa.TestPages.HomePageTest" name="testRegisterLink" time="4.031"/>
  <system-out/>
  <testcase classname="com.ninja.qa.TestPages.HomePageTest" name="testLoginLink" time="3.845"/>
  <system-out/>
  <testcase classname="com.ninja.qa.TestPages.HomePageTest" name="testMacLink" time="7.641"/>
  <system-out/>
</testsuite> <!-- com.ninja.qa.TestPages.HomePageTest -->
