<?xml version="1.0" encoding="UTF-8"?>
<!-- Generated by org.testng.reporters.JUnitReportReporter -->
<testsuite hostname="Suraj" failures="0" tests="4" name="com.ninja.qa.TestPages.HomePageTest" time="21.564" errors="0" timestamp="2023-10-11T15:29:20 IST" skipped="0">
  <testcase classname="com.ninja.qa.TestPages.HomePageTest" name="testTitle" time="2.600"/>
  <system-out/>
  <testcase classname="com.ninja.qa.TestPages.HomePageTest" name="testRegisterLink" time="6.134"/>
  <system-out/>
  <testcase classname="com.ninja.qa.TestPages.HomePageTest" name="testLoginLink" time="6.400"/>
  <system-out/>
  <testcase classname="com.ninja.qa.TestPages.HomePageTest" name="testMacLink" time="6.430"/>
  <system-out/>
</testsuite> <!-- com.ninja.qa.TestPages.HomePageTest -->
