<?xml version="1.0" encoding="UTF-8"?>
<!-- Generated by org.testng.reporters.JUnitReportReporter -->
<testsuite hostname="Suraj" failures="0" tests="1" name="com.ninja.qa.TestPages.TestSearchPage" time="8.253" errors="0" timestamp="2023-10-11T15:29:20 IST" skipped="0">
  <testcase classname="com.ninja.qa.TestPages.TestSearchPage" name="searchProduct" time="8.253"/>
  <system-out/>
</testsuite> <!-- com.ninja.qa.TestPages.TestSearchPage -->
