<?xml version="1.0" encoding="UTF-8"?>
<!-- Generated by org.testng.reporters.JUnitReportReporter -->
<testsuite hostname="Suraj" failures="0" tests="1" name="com.app.TestNGScripts.BeforeAfterClassAnnoation" time="0.017" errors="0" timestamp="2023-10-05T12:21:12 IST" skipped="0">
  <testcase classname="com.app.TestNGScripts.BeforeAfterClassAnnoation" name="GetTitle" time="0.017"/>
  <system-out/>
</testsuite> <!-- com.app.TestNGScripts.BeforeAfterClassAnnoation -->
