<?xml version="1.0" encoding="UTF-8"?>
<!-- Generated by org.testng.reporters.JUnitReportReporter -->
<testsuite hostname="Suraj" failures="0" tests="4" name="com.app.TestNG.DataDrivenTesting.WikiCreateAccount" time="10.803" errors="0" timestamp="2023-10-09T09:55:33 IST" skipped="0">
  <testcase classname="com.app.TestNG.DataDrivenTesting.WikiCreateAccount" name="CreateAccount" time="2.757"/>
  <system-out/>
  <testcase classname="com.app.TestNG.DataDrivenTesting.WikiCreateAccount" name="CreateAccount" time="2.708"/>
  <system-out/>
  <testcase classname="com.app.TestNG.DataDrivenTesting.WikiCreateAccount" name="CreateAccount" time="2.674"/>
  <system-out/>
  <testcase classname="com.app.TestNG.DataDrivenTesting.WikiCreateAccount" name="CreateAccount" time="2.664"/>
  <system-out/>
</testsuite> <!-- com.app.TestNG.DataDrivenTesting.WikiCreateAccount -->
