<?xml version="1.0" encoding="UTF-8"?>
<!-- Generated by org.testng.reporters.JUnitReportReporter -->
<testsuite hostname="Suraj" failures="0" tests="5" name="TestScenario1.Sample2" time="0.031" errors="0" timestamp="2023-10-05T12:54:24 IST" skipped="0">
  <testcase classname="TestScenario1.Sample2" name="opentheAccountPage" time="0.024"/>
  <system-out/>
  <testcase classname="TestScenario1.Sample2" name="login" time="0.003"/>
  <system-out/>
  <testcase classname="TestScenario1.Sample2" name="Accounts" time="0.001"/>
  <system-out/>
  <testcase classname="TestScenario1.Sample2" name="createAccount" time="0.002"/>
  <system-out/>
  <testcase classname="TestScenario1.Sample2" name="Logout" time="0.001"/>
  <system-out/>
</testsuite> <!-- TestScenario1.Sample2 -->
