<?xml version="1.0" encoding="UTF-8"?>
<!-- Generated by org.testng.reporters.JUnitReportReporter -->
<testsuite hostname="Suraj" failures="0" tests="1" name="com.app.TestNGScripts.BeforeAftermethodAnnoatation" time="12.490" errors="0" timestamp="2023-10-05T12:21:12 IST" skipped="0">
  <testcase classname="com.app.TestNGScripts.BeforeAftermethodAnnoatation" name="logout" time="12.490"/>
  <system-out/>
</testsuite> <!-- com.app.TestNGScripts.BeforeAftermethodAnnoatation -->
