<?xml version="1.0" encoding="UTF-8"?>
<!-- Generated by org.testng.reporters.JUnitReportReporter -->
<testsuite hostname="Suraj" failures="0" tests="1" name="Extentreports.ExtentReportDemo2" time="2.245" errors="0" timestamp="2023-10-06T11:03:17 IST" skipped="0">
  <testcase classname="Extentreports.ExtentReportDemo2" name="extentDemo2" time="2.245"/>
  <system-out/>
</testsuite> <!-- Extentreports.ExtentReportDemo2 -->
