<?xml version="1.0" encoding="UTF-8"?>
<!-- Generated by org.testng.reporters.JUnitReportReporter -->
<testsuite hostname="Suraj" failures="0" tests="1" name="Extentreports.SetUpCheck" time="1.513" errors="0" timestamp="2023-10-06T11:12:19 IST" skipped="0">
  <testcase classname="Extentreports.SetUpCheck" name="extentDemo2" time="1.513"/>
  <system-out/>
</testsuite> <!-- Extentreports.SetUpCheck -->
