<?xml version="1.0" encoding="UTF-8"?>
<!-- Generated by org.testng.reporters.JUnitReportReporter -->
<testsuite hostname="Suraj" failures="0" tests="4" name="com.app.TestNG.DataDrivenTesting.DataProviderAnnotation" time="11.068" errors="0" timestamp="2023-10-10T18:07:05 IST" skipped="0">
  <testcase classname="com.app.TestNG.DataDrivenTesting.DataProviderAnnotation" name="CreateAccount" time="2.697"/>
  <system-out/>
  <testcase classname="com.app.TestNG.DataDrivenTesting.DataProviderAnnotation" name="CreateAccount" time="2.862"/>
  <system-out/>
  <testcase classname="com.app.TestNG.DataDrivenTesting.DataProviderAnnotation" name="CreateAccount" time="2.783"/>
  <system-out/>
  <testcase classname="com.app.TestNG.DataDrivenTesting.DataProviderAnnotation" name="CreateAccount" time="2.726"/>
  <system-out/>
</testsuite> <!-- com.app.TestNG.DataDrivenTesting.DataProviderAnnotation -->
