<?xml version="1.0" encoding="UTF-8"?>
<!-- Generated by org.testng.reporters.JUnitReportReporter -->
<testsuite hostname="Suraj" failures="0" tests="1" name="com.app.SeleniumGridDemos.GRIDStandaloneDemo" time="9.776" errors="0" timestamp="2023-10-09T13:14:55 IST" skipped="0">
  <testcase classname="com.app.SeleniumGridDemos.GRIDStandaloneDemo" name="GridDemo1" time="9.776"/>
  <system-out/>
</testsuite> <!-- com.app.SeleniumGridDemos.GRIDStandaloneDemo -->
