<?xml version="1.0" encoding="UTF-8"?>
<!-- Generated by org.testng.reporters.JUnitReportReporter -->
<testsuite hostname="Suraj" failures="0" tests="1" name="com.app.TestNG.DataDrivenTesting.ParamterDemo" time="1.259" errors="0" timestamp="2023-10-10T11:59:21 IST" skipped="0">
  <testcase classname="com.app.TestNG.DataDrivenTesting.ParamterDemo" name="login" time="1.259"/>
  <system-out/>
</testsuite> <!-- com.app.TestNG.DataDrivenTesting.ParamterDemo -->
