<?xml version="1.0" encoding="UTF-8"?>
<!-- Generated by org.testng.reporters.JUnitReportReporter -->
<testsuite hostname="Suraj" failures="0" tests="4" name="com.app.TestNGScripts.Paralleltest" time="28.835" errors="0" timestamp="2023-10-06T11:52:16 IST" skipped="0">
  <testcase classname="com.app.TestNGScripts.Paralleltest" name="wikiPage2" time="5.176"/>
  <system-out/>
  <testcase classname="com.app.TestNGScripts.Paralleltest" name="ninjaPage2" time="5.354"/>
  <system-out/>
  <testcase classname="com.app.TestNGScripts.Paralleltest" name="wikiPage" time="7.492"/>
  <system-out/>
  <testcase classname="com.app.TestNGScripts.Paralleltest" name="ninjaPage" time="10.813"/>
  <system-out/>
</testsuite> <!-- com.app.TestNGScripts.Paralleltest -->
