<?xml version="1.0" encoding="UTF-8"?>
<!-- Generated by org.testng.reporters.JUnitReportReporter -->
<testsuite hostname="Suraj" failures="0" tests="1" name="com.app.TDD.demo.TestUsernamefeature" time="0.021" errors="0" timestamp="2023-10-12T12:50:06 IST" skipped="0">
  <testcase classname="com.app.TDD.demo.TestUsernamefeature" name="UsernameTest" time="0.021"/>
  <system-out/>
</testsuite> <!-- com.app.TDD.demo.TestUsernamefeature -->
