<?xml version="1.0" encoding="UTF-8"?>
<!-- Generated by org.testng.reporters.JUnitReportReporter -->
<testsuite hostname="Suraj" failures="0" tests="3" name="com.app.TDD.demo.TestPopulationSearch" time="0.024" errors="0" timestamp="2023-10-12T12:50:19 IST" skipped="0">
  <testcase classname="com.app.TDD.demo.TestPopulationSearch" name="findpopulation" time="0.018"/>
  <system-out/>
  <testcase classname="com.app.TDD.demo.TestPopulationSearch" name="findpopulationInvalidInput" time="0.003"/>
  <system-out/>
  <testcase classname="com.app.TDD.demo.TestPopulationSearch" name="findpopulationEmptyInput" time="0.003"/>
  <system-out/>
</testsuite> <!-- com.app.TDD.demo.TestPopulationSearch -->
